#
# There is insufficient memory for the Java Runtime Environment to continue.
# Native memory allocation (mmap) failed to map 534773760 bytes for Failed to commit area from 0x0000000602800000 to 0x0000000622600000 of length 534773760.
# Possible reasons:
#   The system is out of physical RAM or swap space
#   The process is running with CompressedOops enabled, and the Java Heap may be blocking the growth of the native heap
# Possible solutions:
#   Reduce memory load on the system
#   Increase physical memory or swap space
#   Check if swap backing store is full
#   Decrease Java heap size (-Xmx/-Xms)
#   Decrease number of Java threads
#   Decrease Java thread stack sizes (-Xss)
#   Set larger code cache with -XX:ReservedCodeCacheSize=
# This output file may be truncated or incomplete.
#
#  Out of Memory Error (./src/hotspot/os/windows/os_windows.cpp:3390), pid=33392, tid=29588
#
# JRE version:  (11.0.15+10) (build )
# Java VM: OpenJDK 64-Bit Server VM (11.0.15+10, mixed mode, sharing, tiered, compressed oops, g1 gc, windows-amd64)
# No core dump will be written. Minidumps are not enabled by default on client versions of Windows
#

---------------  S U M M A R Y ------------

Command Line: -Dfile.encoding=UTF-8 by.academy.deal.Main

Host: Intel(R) Core(TM) i7-4790K CPU @ 4.00GHz, 8 cores, 31G,  Windows 11 , 64 bit Build 22000 (10.0.22000.708)
Time: Wed Jul 20 21:53:15 2022  Windows 11 , 64 bit Build 22000 (10.0.22000.708) elapsed time: 0.008726 seconds (0d 0h 0m 0s)

---------------  T H R E A D  ---------------

Current thread (0x000001da60e49000):  JavaThread "Unknown thread" [_thread_in_vm, id=29588, stack(0x0000003209700000,0x0000003209800000)]

Stack: [0x0000003209700000,0x0000003209800000]
Native frames: (J=compiled Java code, j=interpreted, Vv=VM code, C=native code)
V  [jvm.dll+0x61e72a]
V  [jvm.dll+0x7aae49]
V  [jvm.dll+0x7ac538]
V  [jvm.dll+0x7acc13]
V  [jvm.dll+0x24fb28]
V  [jvm.dll+0x61b9ca]
V  [jvm.dll+0x610225]
V  [jvm.dll+0x30784c]
V  [jvm.dll+0x3076d2]
V  [jvm.dll+0x30c3e6]
V  [jvm.dll+0x35283f]
V  [jvm.dll+0x352270]
V  [jvm.dll+0x2e4848]
V  [jvm.dll+0x2e59a6]
V  [jvm.dll+0x784c97]
V  [jvm.dll+0x78641f]
V  [jvm.dll+0x35f589]
V  [jvm.dll+0x767c30]
V  [jvm.dll+0x3cd07f]
V  [jvm.dll+0x3cf411]
C  [jli.dll+0x5207]
C  [ucrtbase.dll+0x26c0c]
C  [KERNEL32.DLL+0x154e0]
C  [ntdll.dll+0x485b]


---------------  P R O C E S S  ---------------

Threads class SMR info:
_java_thread_list=0x000001da60bf6250, length=0, elements={
}

Java Threads: ( => current thread )

Other Threads:
  0x000001da60e61800 GCTaskThread "GC Thread#0" [stack: 0x0000003209800000,0x0000003209900000] [id=36168]
  0x000001da60ee6000 ConcurrentGCThread "G1 Main Marker" [stack: 0x0000003209900000,0x0000003209a00000] [id=33404]
  0x000001da60ee7000 ConcurrentGCThread "G1 Conc#0" [stack: 0x0000003209a00000,0x0000003209b00000] [id=35292]

[error occurred during error reporting (printing all threads), id 0xc0000005, EXCEPTION_ACCESS_VIOLATION (0xc0000005) at pc=0x00007fffed284017]

VM state:not at safepoint (not fully initialized)

VM Mutex/Monitor currently owned by a thread:  ([mutex/lock_event])
[0x000001da60e44f00] Heap_lock - owner thread: 0x000001da60e49000

Heap address: 0x0000000602800000, size: 8152 MB, Compressed Oops mode: Non-zero based: 0x0000000602800000
Narrow klass base: 0x0000000000000000, Narrow klass shift: 0

GC Heap History (0 events):
No events

Deoptimization events (0 events):
No events

Classes redefined (0 events):
No events

Internal exceptions (0 events):
No events

Events (1 events):
Event: 0.006 Loaded shared library C:\Program Files\Eclipse Adoptium\jdk-11.0.15.10-hotspot\bin\zip.dll


Dynamic libraries:
0x00007ff65e490000 - 0x00007ff65e49d000 	C:\Program Files\Eclipse Adoptium\jdk-11.0.15.10-hotspot\bin\javaw.exe
0x00007ff884460000 - 0x00007ff884669000 	C:\WINDOWS\SYSTEM32\ntdll.dll
0x00007ff8835b0000 - 0x00007ff88366d000 	C:\WINDOWS\System32\KERNEL32.DLL
0x00007ff8819c0000 - 0x00007ff881d39000 	C:\WINDOWS\System32\KERNELBASE.dll
0x00007ff8821d0000 - 0x00007ff8822e1000 	C:\WINDOWS\System32\ucrtbase.dll
0x00007ff875570000 - 0x00007ff875587000 	C:\Program Files\Eclipse Adoptium\jdk-11.0.15.10-hotspot\bin\jli.dll
0x00007ff8754e0000 - 0x00007ff8754f5000 	C:\Program Files\Eclipse Adoptium\jdk-11.0.15.10-hotspot\bin\VCRUNTIME140.dll
0x00007ff8838a0000 - 0x00007ff883a4c000 	C:\WINDOWS\System32\USER32.dll
0x00007ff874eb0000 - 0x00007ff875155000 	C:\WINDOWS\WinSxS\amd64_microsoft.windows.common-controls_6595b64144ccf1df_6.0.22000.120_none_9d947278b86cc467\COMCTL32.dll
0x00007ff881d40000 - 0x00007ff881d66000 	C:\WINDOWS\System32\win32u.dll
0x00007ff8822f0000 - 0x00007ff882393000 	C:\WINDOWS\System32\msvcrt.dll
0x00007ff882b60000 - 0x00007ff882b89000 	C:\WINDOWS\System32\GDI32.dll
0x00007ff881d70000 - 0x00007ff881e82000 	C:\WINDOWS\System32\gdi32full.dll
0x00007ff882000000 - 0x00007ff88209d000 	C:\WINDOWS\System32\msvcp_win.dll
0x00007ff883540000 - 0x00007ff883571000 	C:\WINDOWS\System32\IMM32.DLL
0x00007ff85d6e0000 - 0x00007ff85d77b000 	C:\Program Files\Eclipse Adoptium\jdk-11.0.15.10-hotspot\bin\msvcp140.dll
0x00007fffecf90000 - 0x00007fffedb11000 	C:\Program Files\Eclipse Adoptium\jdk-11.0.15.10-hotspot\bin\server\jvm.dll
0x00007ff882ce0000 - 0x00007ff882d8e000 	C:\WINDOWS\System32\ADVAPI32.dll
0x00007ff883800000 - 0x00007ff88389e000 	C:\WINDOWS\System32\sechost.dll
0x00007ff8836e0000 - 0x00007ff883800000 	C:\WINDOWS\System32\RPCRT4.dll
0x00007ff883ba0000 - 0x00007ff883ba8000 	C:\WINDOWS\System32\PSAPI.DLL
0x00007ff874ea0000 - 0x00007ff874ea9000 	C:\WINDOWS\SYSTEM32\WSOCK32.dll
0x00007ff876100000 - 0x00007ff876133000 	C:\WINDOWS\SYSTEM32\WINMM.dll
0x00007ff883b30000 - 0x00007ff883b9f000 	C:\WINDOWS\System32\WS2_32.dll
0x00007ff8794e0000 - 0x00007ff8794ea000 	C:\WINDOWS\SYSTEM32\VERSION.dll
0x00007ff880ab0000 - 0x00007ff880ac8000 	C:\WINDOWS\SYSTEM32\kernel.appcore.dll
0x00007ff87be10000 - 0x00007ff87be20000 	C:\Program Files\Eclipse Adoptium\jdk-11.0.15.10-hotspot\bin\verify.dll
0x00007ff87c360000 - 0x00007ff87c581000 	C:\WINDOWS\SYSTEM32\DBGHELP.DLL
0x00007ff87a650000 - 0x00007ff87a681000 	C:\WINDOWS\SYSTEM32\dbgcore.DLL
0x00007ff881940000 - 0x00007ff8819bf000 	C:\WINDOWS\System32\bcryptPrimitives.dll
0x00007ff85cfb0000 - 0x00007ff85cfd8000 	C:\Program Files\Eclipse Adoptium\jdk-11.0.15.10-hotspot\bin\java.dll
0x00007ff87be00000 - 0x00007ff87be0a000 	C:\Program Files\Eclipse Adoptium\jdk-11.0.15.10-hotspot\bin\jimage.dll
0x00007ff8774e0000 - 0x00007ff8774f8000 	C:\Program Files\Eclipse Adoptium\jdk-11.0.15.10-hotspot\bin\zip.dll

dbghelp: loaded successfully - version: 4.0.5 - missing functions: none
symbol engine: initialized successfully - sym options: 0x614 - pdb path: .;C:\Program Files\Eclipse Adoptium\jdk-11.0.15.10-hotspot\bin;C:\WINDOWS\SYSTEM32;C:\WINDOWS\WinSxS\amd64_microsoft.windows.common-controls_6595b64144ccf1df_6.0.22000.120_none_9d947278b86cc467;C:\Program Files\Eclipse Adoptium\jdk-11.0.15.10-hotspot\bin\server

VM Arguments:
jvm_args: -Dfile.encoding=UTF-8 
java_command: by.academy.deal.Main
java_class_path (initial): C:\Users\Виталий\git\academy\academy\target\classes
Launcher Type: SUN_STANDARD

[Global flags]
     intx CICompilerCount                          = 4                                         {product} {ergonomic}
     uint ConcGCThreads                            = 2                                         {product} {ergonomic}
     uint G1ConcRefinementThreads                  = 8                                         {product} {ergonomic}
   size_t G1HeapRegionSize                         = 2097152                                   {product} {ergonomic}
    uintx GCDrainStackTargetSize                   = 64                                        {product} {ergonomic}
   size_t InitialHeapSize                          = 534773760                                 {product} {ergonomic}
   size_t MarkStackSize                            = 4194304                                   {product} {ergonomic}
   size_t MaxHeapSize                              = 8547991552                                {product} {ergonomic}
   size_t MinHeapDeltaBytes                        = 2097152                                   {product} {ergonomic}
    uintx NonNMethodCodeHeapSize                   = 5836300                                {pd product} {ergonomic}
    uintx NonProfiledCodeHeapSize                  = 122910970                              {pd product} {ergonomic}
    uintx ProfiledCodeHeapSize                     = 122910970                              {pd product} {ergonomic}
    uintx ReservedCodeCacheSize                    = 251658240                              {pd product} {ergonomic}
     bool SegmentedCodeCache                       = true                                      {product} {ergonomic}
     bool UseCompressedClassPointers               = true                                 {lp64_product} {ergonomic}
     bool UseCompressedOops                        = true                                 {lp64_product} {ergonomic}
     bool UseG1GC                                  = true                                      {product} {ergonomic}
     bool UseLargePagesIndividualAllocation        = false                                  {pd product} {ergonomic}

Logging:
Log output configuration:
 #0: stdout all=warning uptime,level,tags
 #1: stderr all=off uptime,level,tags

Environment Variables:
JAVA_HOME=C:\Program Files\Eclipse Adoptium\jdk-11.0.15.10-hotspot\
PATH=C:/Program Files/Eclipse Adoptium/jdk-11.0.15.10-hotspot/bin/server;C:/Program Files/Eclipse Adoptium/jdk-11.0.15.10-hotspot/bin;C:\Program Files\Eclipse Adoptium\jdk-11.0.15.10-hotspot\bin;C:\WINDOWS\system32;C:\WINDOWS;C:\WINDOWS\System32\Wbem;C:\WINDOWS\System32\WindowsPowerShell\v1.0\;C:\WINDOWS\System32\OpenSSH\;C:\Program Files\TortoiseSVN\bin;C:\Program Files\PuTTY\;C:\Program Files (x86)\PuTTY\;C:\Users\Виталий\AppData\Local\Microsoft\WindowsApps;;C:\Users\Виталий\eclipse\java-2022-06\eclipse;
USERNAME=Виталий
OS=Windows_NT
PROCESSOR_IDENTIFIER=Intel64 Family 6 Model 60 Stepping 3, GenuineIntel



---------------  S Y S T E M  ---------------

OS: Windows 11 , 64 bit Build 22000 (10.0.22000.708)
OS uptime: 4 days 11:12 hours

CPU:total 8 (initial active 8) (4 cores per cpu, 2 threads per core) family 6 model 60 stepping 3 microcode 0x28, cmov, cx8, fxsr, mmx, sse, sse2, sse3, ssse3, sse4.1, sse4.2, popcnt, avx, avx2, aes, clmul, erms, lzcnt, ht, tsc, tscinvbit, bmi1, bmi2, fma

Memory: 4k page, system-wide physical 32604M (16674M free)
TotalPageFile size 63003M (AvailPageFile size 67M)
current process WorkingSet (physical memory assigned to process): 10M, peak: 10M
current process commit charge ("private bytes"): 60M, peak: 570M

vm_info: OpenJDK 64-Bit Server VM (11.0.15+10) for windows-amd64 JRE (11.0.15+10), built on Apr 19 2022 22:29:44 by "" with unknown MS VC++:1916

END.
